生成启动时间为 2017/6/15 14:21:58。
     1>项目“D:\VS2010_Test\连续存储算法演示\连续存储算法演示\连续存储算法演示.vcxproj”在节点 2 上(build 个目标)。
     1>PrepareForBuild:
         正在创建目录“D:\VS2010_Test\连续存储算法演示\Debug\”。
       InitializeBuildStatus:
         正在创建“Debug\连续存储算法演示.unsuccessfulbuild”，因为已指定“AlwaysCreate”。
       ClCompile:
         E:\Microsoft Visual Studio 10.0\VC\bin\CL.exe /c /ZI /nologo /W3 /WX- /Od /Oy- /D _UNICODE /D UNICODE /Gm /EHsc /RTC1 /MDd /GS /fp:precise /Zc:wchar_t /Zc:forScope /Fo"Debug\\" /Fd"Debug\vc100.pdb" /Gd /TP /analyze- /errorReport:prompt cpp.cpp
         cpp.cpp
       Link:
         E:\Microsoft Visual Studio 10.0\VC\bin\link.exe /ERRORREPORT:PROMPT /OUT:"D:\VS2010_Test\连续存储算法演示\Debug\连续存储算法演示.exe" /NOLOGO kernel32.lib user32.lib gdi32.lib winspool.lib comdlg32.lib advapi32.lib shell32.lib ole32.lib oleaut32.lib uuid.lib odbc32.lib odbccp32.lib /MANIFEST /ManifestFile:"Debug\连续存储算法演示.exe.intermediate.manifest" /MANIFESTUAC:"level='asInvoker' uiAccess='false'" /DEBUG /PDB:"D:\VS2010_Test\连续存储算法演示\Debug\连续存储算法演示.pdb" /TLBID:1 /DYNAMICBASE /NXCOMPAT /IMPLIB:"D:\VS2010_Test\连续存储算法演示\Debug\连续存储算法演示.lib" /MACHINE:X86 Debug\cpp.obj
         连续存储算法演示.vcxproj -> D:\VS2010_Test\连续存储算法演示\Debug\连续存储算法演示.exe
       Manifest:
         C:\Program Files (x86)\Microsoft SDKs\Windows\v7.0A\bin\mt.exe /nologo /verbose /outputresource:"D:\VS2010_Test\连续存储算法演示\Debug\连续存储算法演示.exe;#1" /manifest "Debug\连续存储算法演示.exe.intermediate.manifest"
       FinalizeBuildStatus:
         正在删除文件“Debug\连续存储算法演示.unsuccessfulbuild”。
         正在对“Debug\连续存储算法演示.lastbuildstate”执行 Touch 任务。
     1>已完成生成项目“D:\VS2010_Test\连续存储算法演示\连续存储算法演示\连续存储算法演示.vcxproj”(build 个目标)的操作。

生成成功。

已用时间 00:00:05.12
